2020-12-07 17:55:35,197 INFO:                 errors [in C:\Users\alank\Documents\Udacity\Nanodegrees\Full_Stack_Web_Developer\capstone_grocery_market\app\__init__.py:85]
2020-12-07 18:07:55,718 INFO:                 errors [in C:\Users\alank\Documents\Udacity\Nanodegrees\Full_Stack_Web_Developer\capstone_grocery_market\app\__init__.py:80]
2020-12-07 18:20:08,389 INFO:                 errors [in C:\Users\alank\Documents\Udacity\Nanodegrees\Full_Stack_Web_Developer\capstone_grocery_market\app\__init__.py:80]
2020-12-07 18:20:53,044 INFO:                 errors [in C:\Users\alank\Documents\Udacity\Nanodegrees\Full_Stack_Web_Developer\capstone_grocery_market\app\__init__.py:80]
2020-12-07 18:22:28,313 INFO:                 errors [in C:\Users\alank\Documents\Udacity\Nanodegrees\Full_Stack_Web_Developer\capstone_grocery_market\app\__init__.py:80]
2020-12-07 19:53:49,069 INFO:                 errors [in C:\Users\alank\Documents\Udacity\Nanodegrees\Full_Stack_Web_Developer\capstone_grocery_market\app\__init__.py:89]
2020-12-07 19:56:47,058 INFO:                 errors [in C:\Users\alank\Documents\Udacity\Nanodegrees\Full_Stack_Web_Developer\capstone_grocery_market\app\__init__.py:89]
2020-12-07 20:07:41,650 INFO:                 errors [in C:\Users\alank\Documents\Udacity\Nanodegrees\Full_Stack_Web_Developer\capstone_grocery_market\app\__init__.py:89]
2020-12-07 20:15:42,638 INFO:                 errors [in C:\Users\alank\Documents\Udacity\Nanodegrees\Full_Stack_Web_Developer\capstone_grocery_market\app\__init__.py:89]
2020-12-07 20:17:18,288 INFO:                 errors [in C:\Users\alank\Documents\Udacity\Nanodegrees\Full_Stack_Web_Developer\capstone_grocery_market\app\__init__.py:89]
2020-12-07 20:17:57,564 INFO:                 errors [in C:\Users\alank\Documents\Udacity\Nanodegrees\Full_Stack_Web_Developer\capstone_grocery_market\app\__init__.py:89]
2020-12-07 20:18:47,004 INFO:                 errors [in C:\Users\alank\Documents\Udacity\Nanodegrees\Full_Stack_Web_Developer\capstone_grocery_market\app\__init__.py:89]
2020-12-07 20:32:00,108 INFO:                 errors [in C:\Users\alank\Documents\Udacity\Nanodegrees\Full_Stack_Web_Developer\capstone_grocery_market\app\__init__.py:89]
2020-12-07 20:39:44,406 INFO:                 errors [in C:\Users\alank\Documents\Udacity\Nanodegrees\Full_Stack_Web_Developer\capstone_grocery_market\app\__init__.py:92]
2020-12-07 20:43:13,714 INFO:                 errors [in C:\Users\alank\Documents\Udacity\Nanodegrees\Full_Stack_Web_Developer\capstone_grocery_market\app\__init__.py:92]
2020-12-07 21:04:29,552 INFO:                 errors [in C:\Users\alank\Documents\Udacity\Nanodegrees\Full_Stack_Web_Developer\capstone_grocery_market\app\__init__.py:93]
2020-12-07 21:56:41,445 INFO:                 errors [in C:\Users\alank\Documents\Udacity\Nanodegrees\Full_Stack_Web_Developer\capstone_grocery_market\app\__init__.py:93]
2020-12-07 22:15:21,710 INFO:                 errors [in C:\Users\alank\Documents\Udacity\Nanodegrees\Full_Stack_Web_Developer\capstone_grocery_market\app\__init__.py:93]
2020-12-07 22:23:38,043 INFO:                 errors [in C:\Users\alank\Documents\Udacity\Nanodegrees\Full_Stack_Web_Developer\capstone_grocery_market\app\__init__.py:90]
2020-12-07 22:36:03,422 INFO:                 errors [in C:\Users\alank\Documents\Udacity\Nanodegrees\Full_Stack_Web_Developer\capstone_grocery_market\app\__init__.py:90]
2020-12-07 22:46:28,762 INFO:                 errors [in C:\Users\alank\Documents\Udacity\Nanodegrees\Full_Stack_Web_Developer\capstone_grocery_market\app\__init__.py:90]
2020-12-08 13:11:12,482 INFO:                 errors [in C:\Users\alank\Documents\Udacity\Nanodegrees\Full_Stack_Web_Developer\capstone_grocery_market\app\__init__.py:93]
2020-12-08 13:28:53,441 INFO:                 errors [in C:\Users\alank\Documents\Udacity\Nanodegrees\Full_Stack_Web_Developer\capstone_grocery_market\app\__init__.py:97]
2020-12-08 13:36:10,036 INFO:                 errors [in C:\Users\alank\Documents\Udacity\Nanodegrees\Full_Stack_Web_Developer\capstone_grocery_market\app\__init__.py:97]
2020-12-08 13:38:55,312 INFO:                 errors [in C:\Users\alank\Documents\Udacity\Nanodegrees\Full_Stack_Web_Developer\capstone_grocery_market\app\__init__.py:97]
2020-12-08 13:41:41,201 INFO:                 errors [in C:\Users\alank\Documents\Udacity\Nanodegrees\Full_Stack_Web_Developer\capstone_grocery_market\app\__init__.py:97]
2020-12-08 15:27:40,855 INFO:                 errors [in C:\Users\alank\Documents\Udacity\Nanodegrees\Full_Stack_Web_Developer\capstone_grocery_market\app\__init__.py:88]
2020-12-08 15:31:29,942 INFO:                 errors [in C:\Users\alank\Documents\Udacity\Nanodegrees\Full_Stack_Web_Developer\capstone_grocery_market\app\__init__.py:87]
2020-12-08 15:34:50,742 INFO:                 errors [in C:\Users\alank\Documents\Udacity\Nanodegrees\Full_Stack_Web_Developer\capstone_grocery_market\app\__init__.py:87]
2020-12-08 15:40:36,515 INFO:                 errors [in C:\Users\alank\Documents\Udacity\Nanodegrees\Full_Stack_Web_Developer\capstone_grocery_market\app\__init__.py:81]
2020-12-08 15:59:38,359 INFO:                 errors [in C:\Users\alank\Documents\Udacity\Nanodegrees\Full_Stack_Web_Developer\capstone_grocery_market\app\__init__.py:81]
2020-12-08 16:09:36,233 INFO:                 errors [in C:\Users\alank\Documents\Udacity\Nanodegrees\Full_Stack_Web_Developer\capstone_grocery_market\app\__init__.py:81]
2020-12-08 16:19:18,394 INFO:                 errors [in C:\Users\alank\Documents\Udacity\Nanodegrees\Full_Stack_Web_Developer\capstone_grocery_market\app\__init__.py:81]
2020-12-08 16:32:42,102 INFO:                 errors [in C:\Users\alank\Documents\Udacity\Nanodegrees\Full_Stack_Web_Developer\capstone_grocery_market\__init__.py:81]
2020-12-08 17:17:14,353 INFO:                 errors [in C:\Users\alank\Documents\Udacity\Nanodegrees\Full_Stack_Web_Developer\capstone_grocery_market\__init__.py:71]
2020-12-08 17:19:25,057 INFO:                 errors [in C:\Users\alank\Documents\Udacity\Nanodegrees\Full_Stack_Web_Developer\capstone_grocery_market\__init__.py:71]
2020-12-08 17:27:29,248 INFO:                 errors [in C:\Users\alank\Documents\Udacity\Nanodegrees\Full_Stack_Web_Developer\capstone_grocery_market\__init__.py:71]
2020-12-08 17:30:50,144 INFO:                 errors [in C:\Users\alank\Documents\Udacity\Nanodegrees\Full_Stack_Web_Developer\capstone_grocery_market\__init__.py:71]
2020-12-08 17:32:21,289 INFO:                 errors [in C:\Users\alank\Documents\Udacity\Nanodegrees\Full_Stack_Web_Developer\capstone_grocery_market\__init__.py:71]
2020-12-08 17:33:59,417 INFO:                 errors [in C:\Users\alank\Documents\Udacity\Nanodegrees\Full_Stack_Web_Developer\capstone_grocery_market\__init__.py:71]
2020-12-08 17:35:52,397 INFO:                 errors [in C:\Users\alank\Documents\Udacity\Nanodegrees\Full_Stack_Web_Developer\capstone_grocery_market\__init__.py:71]
2020-12-08 17:47:31,147 INFO:                 errors [in C:\Users\alank\Documents\Udacity\Nanodegrees\Full_Stack_Web_Developer\capstone_grocery_market\__init__.py:71]
2020-12-08 17:57:50,774 INFO:                 errors [in C:\Users\alank\Documents\Udacity\Nanodegrees\Full_Stack_Web_Developer\capstone_grocery_market\__init__.py:71]
2020-12-08 18:03:30,315 INFO:                 errors [in C:\Users\alank\Documents\Udacity\Nanodegrees\Full_Stack_Web_Developer\capstone_grocery_market\__init__.py:71]
2020-12-08 18:10:55,710 INFO:                 errors [in C:\Users\alank\Documents\Udacity\Nanodegrees\Full_Stack_Web_Developer\capstone_grocery_market\__init__.py:71]
2020-12-08 21:00:01,498 INFO:                 errors [in C:\Users\alank\Documents\Udacity\Nanodegrees\Full_Stack_Web_Developer\capstone_grocery_market\app.py:71]
2020-12-08 21:02:49,810 INFO:                 errors [in C:\Users\alank\Documents\Udacity\Nanodegrees\Full_Stack_Web_Developer\capstone_grocery_market\app.py:71]
2020-12-08 21:05:16,600 INFO:                 errors [in C:\Users\alank\Documents\Udacity\Nanodegrees\Full_Stack_Web_Developer\capstone_grocery_market\app.py:71]
2020-12-08 21:19:34,412 INFO:                 errors [in C:\Users\alank\Documents\Udacity\Nanodegrees\Full_Stack_Web_Developer\capstone_grocery_market\app.py:74]
2020-12-08 21:24:49,381 INFO:                 errors [in C:\Users\alank\Documents\Udacity\Nanodegrees\Full_Stack_Web_Developer\capstone_grocery_market\app.py:74]
2020-12-08 21:46:36,293 INFO:                 errors [in C:\Users\alank\Documents\Udacity\Nanodegrees\Full_Stack_Web_Developer\capstone_grocery_market\app.py:74]
2020-12-08 22:24:27,372 INFO:                 errors [in C:\Users\alank\Documents\Udacity\Nanodegrees\Full_Stack_Web_Developer\capstone_grocery_market\app.py:74]
2020-12-08 22:31:12,599 INFO:                 errors [in C:\Users\alank\Documents\Udacity\Nanodegrees\Full_Stack_Web_Developer\capstone_grocery_market\app.py:74]
2020-12-09 12:40:27,943 INFO:             errors [in api.py:95]
2020-12-09 12:48:28,961 INFO:             errors [in api.py:95]
2020-12-09 12:50:19,599 INFO:             errors [in api.py:95]
2020-12-09 15:58:31,136 INFO:             errors [in api.py:95]
2020-12-09 16:42:59,770 INFO:             errors [in api.py:95]
2020-12-09 18:54:56,012 INFO:             errors [in api.py:95]
2020-12-09 19:03:18,370 INFO:             errors [in api.py:95]
2020-12-09 19:12:16,205 INFO:             errors [in api.py:95]
2020-12-09 19:33:31,259 INFO:             errors [in api.py:95]
2020-12-09 22:20:51,184 INFO:             errors [in api.py:94]
2020-12-09 22:31:17,251 INFO:             errors [in api.py:94]
2020-12-09 22:40:08,468 INFO:             errors [in api.py:94]
2020-12-10 11:39:34,984 INFO:             errors [in api.py:94]
2020-12-10 11:51:09,171 INFO:             errors [in api.py:94]
2020-12-10 12:23:29,229 INFO:             errors [in api.py:94]
2020-12-10 12:30:34,233 INFO:             errors [in api.py:94]
2020-12-10 13:54:34,531 INFO:             errors [in api.py:94]
2020-12-10 14:49:29,958 INFO:             errors [in api.py:94]
2020-12-10 16:21:19,781 INFO:             errors [in api.py:94]
2020-12-10 23:57:53,216 INFO:             errors [in api.py:94]
2020-12-11 13:38:36,794 INFO:             errors [in api.py:95]
2020-12-11 17:11:35,818 INFO:             errors [in api.py:95]
2020-12-11 17:18:03,446 INFO:             errors [in api.py:95]
2020-12-11 17:25:17,359 INFO:             errors [in api.py:95]
2020-12-12 16:38:18,786 INFO:             errors [in api.py:95]
2020-12-12 21:25:48,977 INFO:             errors [in api.py:97]
2020-12-12 22:30:21,335 INFO:             errors [in api.py:97]
2020-12-13 13:57:49,604 INFO:             errors [in api.py:97]
2020-12-13 15:18:15,240 INFO:             errors [in api.py:97]
2020-12-13 15:21:07,218 INFO:             errors [in api.py:97]
2020-12-13 16:19:23,672 INFO:             errors [in api.py:97]
2020-12-13 17:41:03,796 INFO:             errors [in api.py:97]
2020-12-13 20:04:02,845 INFO:             errors [in api.py:97]
2020-12-14 11:21:55,799 INFO:             errors [in api.py:97]
2020-12-14 16:04:20,997 INFO:             errors [in C:\Users\alank\Documents\Udacity\Nanodegrees\Full_Stack_Web_Developer\capstone_grocery_market\api.py:97]
2020-12-14 16:04:36,051 INFO:             errors [in C:\Users\alank\Documents\Udacity\Nanodegrees\Full_Stack_Web_Developer\capstone_grocery_market\api.py:97]
2020-12-14 16:04:55,392 INFO:             errors [in C:\Users\alank\Documents\Udacity\Nanodegrees\Full_Stack_Web_Developer\capstone_grocery_market\api.py:97]
2020-12-14 17:08:02,601 INFO:             errors [in api.py:97]
2020-12-15 18:54:12,060 INFO:             errors [in api.py:97]
2020-12-16 16:43:44,137 INFO:             errors [in api.py:97]
2020-12-16 18:11:57,441 INFO:             errors [in api.py:97]
2020-12-17 17:26:46,685 INFO:             errors [in api.py:97]
2020-12-17 22:06:18,101 INFO:             errors [in api.py:97]
